<?xml version="1.0" encoding="UTF-8"?>
<testng-results ignored="3" total="4" passed="1" failed="0" skipped="0">
  <reporter-output>
  </reporter-output>
  <suite started-at="2024-11-13T16:01:42 GST" name="Default suite" finished-at="2024-11-13T16:02:07 GST" duration-ms="24157">
    <groups>
    </groups>
    <test started-at="2024-11-13T16:01:42 GST" name="Default test" finished-at="2024-11-13T16:02:07 GST" duration-ms="24157">
      <class name="testscript.Assertion">
        <test-method is-config="true" signature="initializeBrowser()[pri:0, instance:testscript.Assertion@7fee8714]" started-at="2024-11-13T16:01:42 GST" name="initializeBrowser" finished-at="2024-11-13T16:02:03 GST" duration-ms="20711" status="PASS">
          <reporter-output>
          </reporter-output>
        </test-method> <!-- initializeBrowser -->
        <test-method signature="assertNotEquals()[pri:0, instance:testscript.Assertion@7fee8714]" started-at="2024-11-13T16:02:03 GST" name="assertNotEquals" finished-at="2024-11-13T16:02:07 GST" duration-ms="3382" status="PASS">
          <reporter-output>
          </reporter-output>
        </test-method> <!-- assertNotEquals -->
      </class> <!-- testscript.Assertion -->
    </test> <!-- Default test -->
  </suite> <!-- Default suite -->
</testng-results>
