<?xml version="1.0" encoding="UTF-8"?>
<!-- Generated by org.testng.reporters.JUnitXMLReporter -->
<testsuite ignored="3" hostname="ShaharbanuPC" failures="0" tests="1" name="Default test" time="24.157" errors="0" timestamp="2024-11-13T16:02:07 GST">
  <testcase classname="testscript.Assertion" name="assertNotEquals" time="3.382"/>
  <testcase classname="testscript.Assertion" name="assertEqualsTest" time="0.0">
    <ignored/>
  </testcase> <!-- assertEqualsTest -->
  <testcase classname="testscript.Assertion" name="assertTrue" time="0.0">
    <ignored/>
  </testcase> <!-- assertTrue -->
  <testcase classname="testscript.Assertion" name="assertFalseM" time="0.0">
    <ignored/>
  </testcase> <!-- assertFalseM -->
</testsuite> <!-- Default test -->
